  [1m[36m (0.1ms)[0m  [1mselect sqlite_version(*)[0m
  [1m[35m (133.9ms)[0m  CREATE TABLE "schema_migrations" ("version" varchar(255) NOT NULL) 
  [1m[36m (0.1ms)[0m  [1mPRAGMA index_list("schema_migrations")[0m
  [1m[35m (88.5ms)[0m  CREATE UNIQUE INDEX "unique_schema_migrations" ON "schema_migrations" ("version")
  [1m[36m (0.2ms)[0m  [1mSELECT "schema_migrations"."version" FROM "schema_migrations" [0m
Migrating to CreatePosts (20120429133348)
  [1m[35m (0.1ms)[0m  begin transaction
  [1m[36m (0.6ms)[0m  [1mCREATE TABLE "posts" ("id" INTEGER PRIMARY KEY AUTOINCREMENT NOT NULL, "title" varchar(255), "body" text, "created_at" datetime NOT NULL, "updated_at" datetime NOT NULL) [0m
  [1m[35m (0.2ms)[0m  INSERT INTO "schema_migrations" ("version") VALUES ('20120429133348')
  [1m[36m (145.7ms)[0m  [1mcommit transaction[0m
  [1m[35m (0.5ms)[0m  select sqlite_version(*)
  [1m[36m (0.2ms)[0m  [1mSELECT "schema_migrations"."version" FROM "schema_migrations" [0m
  [1m[35m (0.1ms)[0m  PRAGMA index_list("posts")


Started GET "/assets/rails.png" for 127.0.0.1 at 2012-04-30 14:32:26 +0200
Served asset /rails.png - 200 OK (4ms)


Started GET "/posts" for 127.0.0.1 at 2012-04-30 14:32:29 +0200
Processing by PostsController#index as HTML
  [1m[36mPost Load (0.2ms)[0m  [1mSELECT "posts".* FROM "posts" [0m
  Rendered posts/index.html.erb within layouts/application (26.8ms)
Compiled posts.css  (25ms)  (pid 20067)
Compiled application.css  (35ms)  (pid 20067)
Compiled jquery.js  (33ms)  (pid 20067)
Compiled jquery_ujs.js  (0ms)  (pid 20067)
Compiled posts.js  (115ms)  (pid 20067)
Compiled application.js  (180ms)  (pid 20067)
Completed 200 OK in 342ms (Views: 340.4ms | ActiveRecord: 0.2ms)


Started GET "/assets/application.css?body=1" for 127.0.0.1 at 2012-04-30 14:32:30 +0200
Served asset /application.css - 200 OK (3ms)


Started GET "/assets/posts.css?body=1" for 127.0.0.1 at 2012-04-30 14:32:30 +0200
Served asset /posts.css - 200 OK (3ms)


Started GET "/assets/jquery_ujs.js?body=1" for 127.0.0.1 at 2012-04-30 14:32:30 +0200
Served asset /jquery_ujs.js - 200 OK (3ms)


Started GET "/assets/jquery.js?body=1" for 127.0.0.1 at 2012-04-30 14:32:30 +0200
Served asset /jquery.js - 200 OK (3ms)


Started GET "/assets/posts.js?body=1" for 127.0.0.1 at 2012-04-30 14:32:30 +0200
Served asset /posts.js - 200 OK (2ms)


Started GET "/assets/application.js?body=1" for 127.0.0.1 at 2012-04-30 14:32:30 +0200
Served asset /application.js - 200 OK (8ms)


Started GET "/posts/new" for 127.0.0.1 at 2012-04-30 14:32:35 +0200
Processing by PostsController#new as HTML
  Rendered posts/new.html.erb within layouts/application (2.0ms)
Completed 200 OK in 15ms (Views: 7.3ms | ActiveRecord: 0.0ms)


Started GET "/assets/application.css?body=1" for 127.0.0.1 at 2012-04-30 14:32:35 +0200
Served asset /application.css - 304 Not Modified (0ms)


Started GET "/assets/posts.css?body=1" for 127.0.0.1 at 2012-04-30 14:32:35 +0200
Served asset /posts.css - 304 Not Modified (0ms)


Started GET "/assets/jquery.js?body=1" for 127.0.0.1 at 2012-04-30 14:32:35 +0200
Served asset /jquery.js - 304 Not Modified (3ms)


Started GET "/assets/application.js?body=1" for 127.0.0.1 at 2012-04-30 14:32:35 +0200
Served asset /application.js - 304 Not Modified (1ms)


Started GET "/assets/posts.js?body=1" for 127.0.0.1 at 2012-04-30 14:32:35 +0200
Served asset /posts.js - 304 Not Modified (0ms)


Started GET "/assets/jquery_ujs.js?body=1" for 127.0.0.1 at 2012-04-30 14:32:35 +0200
Served asset /jquery_ujs.js - 304 Not Modified (0ms)


Started POST "/posts" for 127.0.0.1 at 2012-04-30 14:32:49 +0200
Processing by PostsController#create as HTML
  Parameters: {"utf8"=>"✓", "authenticity_token"=>"q/wvkX4V7xQJcsCqB96qC2ymkSuB39uevsbYDVyDjZs=", "post"=>{"title"=>"toto", "body"=>"lolilol"}, "commit"=>"Create"}
  [1m[35m (0.1ms)[0m  begin transaction
  [1m[36mSQL (5.2ms)[0m  [1mINSERT INTO "posts" ("body", "created_at", "title", "updated_at") VALUES (?, ?, ?, ?)[0m  [["body", "lolilol"], ["created_at", Mon, 30 Apr 2012 12:32:49 UTC +00:00], ["title", "toto"], ["updated_at", Mon, 30 Apr 2012 12:32:49 UTC +00:00]]
  [1m[35m (123.6ms)[0m  commit transaction
Redirected to http://localhost:3000/posts
Completed 302 Found in 134ms (ActiveRecord: 128.9ms)


Started GET "/posts" for 127.0.0.1 at 2012-04-30 14:32:50 +0200
Processing by PostsController#index as HTML
  [1m[36mPost Load (0.3ms)[0m  [1mSELECT "posts".* FROM "posts" [0m
  Rendered posts/index.html.erb within layouts/application (0.6ms)
Completed 200 OK in 8ms (Views: 6.0ms | ActiveRecord: 0.3ms)


Started GET "/assets/application.css?body=1" for 127.0.0.1 at 2012-04-30 14:32:50 +0200
Served asset /application.css - 304 Not Modified (0ms)


Started GET "/assets/posts.css?body=1" for 127.0.0.1 at 2012-04-30 14:32:50 +0200
Served asset /posts.css - 304 Not Modified (0ms)


Started GET "/assets/jquery.js?body=1" for 127.0.0.1 at 2012-04-30 14:32:50 +0200
Served asset /jquery.js - 304 Not Modified (4ms)


Started GET "/assets/jquery_ujs.js?body=1" for 127.0.0.1 at 2012-04-30 14:32:50 +0200
Served asset /jquery_ujs.js - 304 Not Modified (0ms)


Started GET "/assets/posts.js?body=1" for 127.0.0.1 at 2012-04-30 14:32:50 +0200
Served asset /posts.js - 304 Not Modified (0ms)


Started GET "/assets/application.js?body=1" for 127.0.0.1 at 2012-04-30 14:32:50 +0200
Served asset /application.js - 304 Not Modified (3ms)
